"Funding Contract: 2OW2RARS7VNPL772JLVQ64S463RMIWVVHDI4RNQBNJXIJUUZT5DRW46WB4\nLsig: escrow.py":
    confirmed-round: 693
    pool-error: ""
    sender-rewards: 68000000000
    txn:
        sig:
            type: Buffer
            data:
                - 23
                - 219
                - 78
                - 81
                - 21
                - 224
                - 50
                - 10
                - 124
                - 121
                - 251
                - 14
                - 108
                - 17
                - 1
                - 110
                - 76
                - 209
                - 199
                - 124
                - 108
                - 137
                - 15
                - 88
                - 64
                - 238
                - 181
                - 61
                - 80
                - 68
                - 158
                - 106
                - 30
                - 238
                - 80
                - 127
                - 158
                - 59
                - 127
                - 48
                - 249
                - 64
                - 244
                - 34
                - 118
                - 211
                - 191
                - 24
                - 251
                - 125
                - 25
                - 132
                - 84
                - 105
                - 151
                - 213
                - 21
                - 92
                - 130
                - 209
                - 228
                - 48
                - 119
                - 15
        txn:
            amt: 20000000
            fee: 241000
            fv: 691
            gen: sandnet-v1
            gh:
                type: Buffer
                data:
                    - 9
                    - 104
                    - 34
                    - 188
                    - 212
                    - 185
                    - 13
                    - 188
                    - 72
                    - 134
                    - 7
                    - 125
                    - 16
                    - 9
                    - 99
                    - 74
                    - 7
                    - 134
                    - 82
                    - 225
                    - 128
                    - 161
                    - 87
                    - 1
                    - 217
                    - 156
                    - 233
                    - 18
                    - 110
                    - 43
                    - 152
                    - 86
            lv: 1691
            rcv:
                type: Buffer
                data:
                    - 211
                    - 173
                    - 168
                    - 130
                    - 50
                    - 253
                    - 90
                    - 245
                    - 255
                    - 250
                    - 74
                    - 235
                    - 15
                    - 114
                    - 92
                    - 246
                    - 226
                    - 196
                    - 90
                    - 181
                    - 56
                    - 209
                    - 200
                    - 182
                    - 1
                    - 106
                    - 110
                    - 132
                    - 210
                    - 153
                    - 159
                    - 71
            snd:
                type: Buffer
                data:
                    - 62
                    - 205
                    - 188
                    - 153
                    - 135
                    - 148
                    - 250
                    - 254
                    - 255
                    - 2
                    - 79
                    - 67
                    - 237
                    - 105
                    - 217
                    - 14
                    - 108
                    - 53
                    - 217
                    - 34
                    - 3
                    - 65
                    - 51
                    - 40
                    - 247
                    - 213
                    - 130
                    - 175
                    - 129
                    - 76
                    - 4
                    - 221
            type: pay
